[2020-12-28T17:07:53.484] [ERROR] error - /public/getChapch?sid=123456789sa GET 404 404
[2020-12-28T17:12:41.128] [ERROR] error - /login/login POST 404 404
[2020-12-28T17:12:59.825] [ERROR] error - /login/login POST 404 404
[2020-12-28T17:14:22.799] [ERROR] error - /admin/add-menu POST 404 404
[2020-12-28T17:15:02.708] [ERROR] error - /admin/getstat GET 404 404
[2020-12-28T17:15:13.697] [ERROR] error - /admin/getstat GET 404 404
[2020-12-28T17:26:44.224] [ERROR] error - /admin/get-error GET 404 404
[2020-12-28T17:35:01.955] [ERROR] error - /login/login POST 404 404
[2020-12-28T17:35:04.979] [ERROR] error - /login/login POST 404 404
[2020-12-28T17:35:43.531] [ERROR] error - /login/login POST 404 404
[2020-12-28T17:36:19.104] [ERROR] error - /login/login POST 404 404
[2020-12-28T17:36:25.011] [ERROR] error - /login/login POST 404 404
[2020-12-28T17:36:30.471] [ERROR] error - /login/login POST 404 404
[2020-12-28T17:37:40.375] [ERROR] error - /login/login POST 404 404
[2020-12-28T17:38:27.393] [ERROR] error - /admin/add-menu POST 404 404
[2020-12-28T17:38:42.233] [ERROR] error - /login/login POST 404 404
[2020-12-28T17:39:43.224] [ERROR] error - /login/login POST 404 404
[2020-12-28T17:40:41.489] [ERROR] error - /login/login POST 404 404
[2020-12-28T17:41:43.571] [ERROR] error - /login/login POST 404 404
[2020-12-28T17:41:44.096] [ERROR] error - /login/login POST 404 404
[2020-12-28T17:41:44.577] [ERROR] error - /login/login POST 404 404
[2020-12-28T17:41:44.736] [ERROR] error - /login/login POST 404 404
[2020-12-28T17:41:44.864] [ERROR] error - /login/login POST 404 404
[2020-12-28T17:41:44.897] [ERROR] error - /login/login POST 404 404
[2020-12-28T17:41:45.054] [ERROR] error - /login/login POST 404 404
[2020-12-28T17:41:46.715] [ERROR] error - /admin/getstat GET 404 404
[2020-12-28T17:41:49.264] [ERROR] error - /public/info GET 404 404
[2020-12-28T17:47:27.107] [ERROR] error - /login/login POST 404 404
[2020-12-28T17:47:27.225] [ERROR] error - /login/login POST 404 404
[2020-12-28T17:47:27.363] [ERROR] error - /login/login POST 404 404
[2020-12-28T17:47:28.191] [ERROR] error - /login/login POST 404 404
[2020-12-28T17:47:28.663] [ERROR] error - /login/login POST 404 404
[2020-12-28T17:47:29.152] [ERROR] error - /login/login POST 404 404
[2020-12-28T17:47:29.624] [ERROR] error - /login/login POST 404 404
[2020-12-28T17:47:30.516] [ERROR] error - /login/login POST 404 404
[2020-12-28T17:47:30.524] [ERROR] error - /login/login POST 404 404
[2020-12-28T17:47:31.850] [ERROR] error - /login/login POST 404 404
[2020-12-28T17:47:32.309] [ERROR] error - /login/login POST 404 404
[2020-12-28T17:47:32.493] [ERROR] error - /login/login POST 404 404
[2020-12-28T17:47:32.663] [ERROR] error - /login/login POST 404 404
[2020-12-28T17:47:32.833] [ERROR] error - /login/login POST 404 404
[2020-12-28T17:47:32.992] [ERROR] error - /login/login POST 404 404
[2020-12-28T17:47:33.141] [ERROR] error - /login/login POST 404 404
[2020-12-28T17:47:34.591] [ERROR] error - /admin/getstat GET 404 404
[2020-12-28T17:48:03.907] [ERROR] error - /admin/get-roles GET 404 404
[2020-12-28T17:48:03.909] [ERROR] error - /admin/get-menu GET 404 404
[2020-12-28T17:48:08.401] [ERROR] error - /admin/get-menu GET 404 404
[2020-12-28T17:48:16.756] [ERROR] error - /admin/users?page=0&limit=10 GET 404 404
[2020-12-28T17:48:16.758] [ERROR] error - /admin/get-roles-names GET 404 404
[2020-12-28T17:48:20.370] [ERROR] error - /admin/getstat GET 404 404
[2020-12-28T17:50:30.130] [ERROR] error - /admin/getstat GET 404 404
[2020-12-28T18:19:58.096] [ERROR] error - /login/login1 POST 404 404
